<?xml version="1.0" encoding="UTF-8"?>
<!-- Generated by org.testng.reporters.JUnitXMLReporter -->
<testsuite ignored="0" hostname="Deepak" failures="0" tests="6" name="Test" time="137.526" errors="0" timestamp="2025-04-15T17:48:55 IST">
  <testcase classname="testBase.BaseClass" name="@BeforeClass setUP" time="133.16">
    <failure type="org.openqa.selenium.WebDriverException" message="Reached error page: about:neterror?e=netTimeout&amp;amp;u=https%3A//tutorialsninja.com/demo/&amp;amp;c=UTF-8&amp;amp;d=The%20server%20at%20tutorialsninja.com%20is%20taking%20too%20long%20to%20respond.
Build info: version: &amp;apos;4.30.0&amp;apos;, revision: &amp;apos;509c7f17cc*&amp;apos;
System info: os.name: &amp;apos;Windows 11&amp;apos;, os.arch: &amp;apos;amd64&amp;apos;, os.version: &amp;apos;10.0&amp;apos;, java.version: &amp;apos;23&amp;apos;
Driver info: org.openqa.selenium.remote.RemoteWebDriver
Command: [14bad002-ce32-44b3-9779-aa4063398bfc, get {url=https://tutorialsninja.com/demo/}]
Capabilities {acceptInsecureCerts: false, browserName: firefox, browserVersion: 137.0.1, moz:accessibilityChecks: false, moz:buildID: 20250407234048, moz:geckodriverVersion: 0.36.0, moz:headless: false, moz:platformVersion: 6.8.0-49-generic, moz:processID: 8177, moz:profile: /tmp/rust_mozprofileDZpDHk, moz:shutdownTimeout: 60000, moz:webdriverClick: true, moz:windowless: false, pageLoadStrategy: normal, platformName: linux, proxy: Proxy(), se:bidiEnabled: false, se:cdpEnabled: false, setWindowRect: true, strictFileInteractability: false, timeouts: {implicit: 0, pageLoad: 300000, script: 30000}, unhandledPromptBehavior: dismiss and notify, userAgent: Mozilla/5.0 (X11; Ubuntu; L...}
Session ID: 14bad002-ce32-44b3-9779-aa4063398bfc">
      <![CDATA[org.openqa.selenium.WebDriverException: Reached error page: about:neterror?e=netTimeout&u=https%3A//tutorialsninja.com/demo/&c=UTF-8&d=The%20server%20at%20tutorialsninja.com%20is%20taking%20too%20long%20to%20respond.
Build info: version: '4.30.0', revision: '509c7f17cc*'
System info: os.name: 'Windows 11', os.arch: 'amd64', os.version: '10.0', java.version: '23'
Driver info: org.openqa.selenium.remote.RemoteWebDriver
Command: [14bad002-ce32-44b3-9779-aa4063398bfc, get {url=https://tutorialsninja.com/demo/}]
Capabilities {acceptInsecureCerts: false, browserName: firefox, browserVersion: 137.0.1, moz:accessibilityChecks: false, moz:buildID: 20250407234048, moz:geckodriverVersion: 0.36.0, moz:headless: false, moz:platformVersion: 6.8.0-49-generic, moz:processID: 8177, moz:profile: /tmp/rust_mozprofileDZpDHk, moz:shutdownTimeout: 60000, moz:webdriverClick: true, moz:windowless: false, pageLoadStrategy: normal, platformName: linux, proxy: Proxy(), se:bidiEnabled: false, se:cdpEnabled: false, setWindowRect: true, strictFileInteractability: false, timeouts: {implicit: 0, pageLoad: 300000, script: 30000}, unhandledPromptBehavior: dismiss and notify, userAgent: Mozilla/5.0 (X11; Ubuntu; L...}
Session ID: 14bad002-ce32-44b3-9779-aa4063398bfc
at org.openqa.selenium.remote.ErrorCodec.decode(ErrorCodec.java:167)
at org.openqa.selenium.remote.codec.w3c.W3CHttpResponseCodec.decode(W3CHttpResponseCodec.java:138)
at org.openqa.selenium.remote.codec.w3c.W3CHttpResponseCodec.decode(W3CHttpResponseCodec.java:50)
at org.openqa.selenium.remote.HttpCommandExecutor.execute(HttpCommandExecutor.java:215)
at org.openqa.selenium.remote.TracedCommandExecutor.execute(TracedCommandExecutor.java:53)
at org.openqa.selenium.remote.RemoteWebDriver.execute(RemoteWebDriver.java:545)
at org.openqa.selenium.remote.RemoteWebDriver.get(RemoteWebDriver.java:313)
at testBase.BaseClass.setUP(BaseClass.java:105)
at java.base/java.util.ArrayList.forEach(ArrayList.java:1597)
... Removed 26 stack frames]]>
    </failure>
  </testcase> <!-- @BeforeClass setUP -->
  <testcase classname="testBase.BaseClass" name="@AfterClass tearDown" time="0.0">
    <skipped/>
  </testcase> <!-- @AfterClass tearDown -->
  <testcase classname="testCases.TC003_LoginDDT" name="verifyLoginDDT" time="0.0">
    <skipped/>
  </testcase> <!-- verifyLoginDDT -->
  <testcase classname="testCases.TC003_LoginDDT" name="verifyLoginDDT" time="0.0">
    <skipped/>
  </testcase> <!-- verifyLoginDDT -->
  <testcase classname="testCases.TC003_LoginDDT" name="verifyLoginDDT" time="0.0">
    <skipped/>
  </testcase> <!-- verifyLoginDDT -->
  <testcase classname="testCases.TC003_LoginDDT" name="verifyLoginDDT" time="0.0">
    <skipped/>
  </testcase> <!-- verifyLoginDDT -->
  <testcase classname="testCases.TC003_LoginDDT" name="verifyLoginDDT" time="0.001">
    <skipped/>
  </testcase> <!-- verifyLoginDDT -->
  <testcase classname="testCases.TC003_LoginDDT" name="verifyLoginDDT" time="0.001">
    <skipped/>
  </testcase> <!-- verifyLoginDDT -->
</testsuite> <!-- Test -->
