<?xml version="1.0" encoding="UTF-8"?>
<testng-results ignored="0" total="1" passed="1" failed="0" skipped="0">
  <reporter-output>
  </reporter-output>
  <suite started-at="2025-04-21T13:25:10 IST" name="Master Suite" finished-at="2025-04-21T13:25:21 IST" duration-ms="11489">
    <groups>
      <group name="Master">
        <method signature="TC002_LoginTest.verifyLogin()[pri:0, instance:testCases.TC002_LoginTest@41d477ed]" name="verifyLogin" class="testCases.TC002_LoginTest"/>
      </group> <!-- Master -->
      <group name="Sanity">
        <method signature="TC002_LoginTest.verifyLogin()[pri:0, instance:testCases.TC002_LoginTest@41d477ed]" name="verifyLogin" class="testCases.TC002_LoginTest"/>
      </group> <!-- Sanity -->
    </groups>
    <test started-at="2025-04-21T13:25:10 IST" name="Test" finished-at="2025-04-21T13:25:21 IST" duration-ms="11489">
      <class name="testCases.TC002_LoginTest">
        <test-method is-config="true" signature="setUP(java.lang.String,java.lang.String)[pri:0, instance:testCases.TC002_LoginTest@41d477ed]" started-at="2025-04-21T13:25:10 IST" name="setUP" finished-at="2025-04-21T13:25:19 IST" duration-ms="8388" status="PASS">
          <params>
            <param index="0">
              <value>
                <![CDATA[windows]]>
              </value>
            </param>
            <param index="1">
              <value>
                <![CDATA[chrome]]>
              </value>
            </param>
          </params>
          <reporter-output>
          </reporter-output>
        </test-method> <!-- setUP -->
        <test-method signature="verifyLogin()[pri:0, instance:testCases.TC002_LoginTest@41d477ed]" started-at="2025-04-21T13:25:19 IST" name="verifyLogin" finished-at="2025-04-21T13:25:21 IST" duration-ms="2192" status="PASS">
          <reporter-output>
          </reporter-output>
        </test-method> <!-- verifyLogin -->
        <test-method is-config="true" signature="tearDown()[pri:0, instance:testCases.TC002_LoginTest@41d477ed]" started-at="2025-04-21T13:25:21 IST" name="tearDown" finished-at="2025-04-21T13:25:21 IST" duration-ms="412" status="PASS">
          <reporter-output>
          </reporter-output>
        </test-method> <!-- tearDown -->
      </class> <!-- testCases.TC002_LoginTest -->
    </test> <!-- Test -->
  </suite> <!-- Master Suite -->
</testng-results>
