<?xml version="1.0" encoding="UTF-8"?>
<testng-results ignored="0" total="2" passed="2" failed="0" skipped="0">
  <reporter-output>
  </reporter-output>
  <suite started-at="2025-04-17T15:41:03 IST" name="Grid-Docker" finished-at="2025-04-17T15:41:17 IST" duration-ms="13992">
    <groups>
      <group name="Master">
        <method signature="TC001_AccountRegistrationTest.verify_account_registartion()[pri:0, instance:testCases.TC001_AccountRegistrationTest@5b94b04d]" name="verify_account_registartion" class="testCases.TC001_AccountRegistrationTest"/>
        <method signature="TC002_LoginTest.verifyLogin()[pri:0, instance:testCases.TC002_LoginTest@1e178745]" name="verifyLogin" class="testCases.TC002_LoginTest"/>
      </group> <!-- Master -->
      <group name="Sanity">
        <method signature="TC002_LoginTest.verifyLogin()[pri:0, instance:testCases.TC002_LoginTest@1e178745]" name="verifyLogin" class="testCases.TC002_LoginTest"/>
      </group> <!-- Sanity -->
      <group name="Regression">
        <method signature="TC001_AccountRegistrationTest.verify_account_registartion()[pri:0, instance:testCases.TC001_AccountRegistrationTest@5b94b04d]" name="verify_account_registartion" class="testCases.TC001_AccountRegistrationTest"/>
      </group> <!-- Regression -->
    </groups>
    <test started-at="2025-04-17T15:41:03 IST" name="Linux-Chrome" finished-at="2025-04-17T15:41:17 IST" duration-ms="13992">
      <class name="testCases.TC002_LoginTest">
        <test-method is-config="true" signature="setUP(java.lang.String,java.lang.String)[pri:0, instance:testCases.TC002_LoginTest@1e178745]" started-at="2025-04-17T15:41:12 IST" name="setUP" finished-at="2025-04-17T15:41:15 IST" duration-ms="2994" status="PASS">
          <params>
            <param index="0">
              <value>
                <![CDATA[Linux]]>
              </value>
            </param>
            <param index="1">
              <value>
                <![CDATA[chrome]]>
              </value>
            </param>
          </params>
          <reporter-output>
          </reporter-output>
        </test-method> <!-- setUP -->
        <test-method signature="verifyLogin()[pri:0, instance:testCases.TC002_LoginTest@1e178745]" started-at="2025-04-17T15:41:15 IST" name="verifyLogin" finished-at="2025-04-17T15:41:17 IST" duration-ms="2181" status="PASS">
          <reporter-output>
          </reporter-output>
        </test-method> <!-- verifyLogin -->
        <test-method is-config="true" signature="tearDown()[pri:0, instance:testCases.TC002_LoginTest@1e178745]" started-at="2025-04-17T15:41:17 IST" name="tearDown" finished-at="2025-04-17T15:41:17 IST" duration-ms="106" status="PASS">
          <reporter-output>
          </reporter-output>
        </test-method> <!-- tearDown -->
      </class> <!-- testCases.TC002_LoginTest -->
      <class name="testCases.TC001_AccountRegistrationTest">
        <test-method is-config="true" signature="setUP(java.lang.String,java.lang.String)[pri:0, instance:testCases.TC001_AccountRegistrationTest@5b94b04d]" started-at="2025-04-17T15:41:04 IST" name="setUP" finished-at="2025-04-17T15:41:09 IST" duration-ms="5022" status="PASS">
          <params>
            <param index="0">
              <value>
                <![CDATA[Linux]]>
              </value>
            </param>
            <param index="1">
              <value>
                <![CDATA[chrome]]>
              </value>
            </param>
          </params>
          <reporter-output>
          </reporter-output>
        </test-method> <!-- setUP -->
        <test-method signature="verify_account_registartion()[pri:0, instance:testCases.TC001_AccountRegistrationTest@5b94b04d]" started-at="2025-04-17T15:41:09 IST" name="verify_account_registartion" finished-at="2025-04-17T15:41:12 IST" duration-ms="3092" status="PASS">
          <reporter-output>
          </reporter-output>
        </test-method> <!-- verify_account_registartion -->
        <test-method is-config="true" signature="tearDown()[pri:0, instance:testCases.TC001_AccountRegistrationTest@5b94b04d]" started-at="2025-04-17T15:41:12 IST" name="tearDown" finished-at="2025-04-17T15:41:12 IST" duration-ms="154" status="PASS">
          <reporter-output>
          </reporter-output>
        </test-method> <!-- tearDown -->
      </class> <!-- testCases.TC001_AccountRegistrationTest -->
    </test> <!-- Linux-Chrome -->
  </suite> <!-- Grid-Docker -->
</testng-results>
